Determining if the pthread_create exist failed with the following output:
Change Dir: /home/osboxes/catkin_ws/build/CMakeFiles/CMakeTmp

Run Build Command:/usr/bin/make "cmTryCompileExec2209045575/fast"
/usr/bin/make -f CMakeFiles/cmTryCompileExec2209045575.dir/build.make CMakeFiles/cmTryCompileExec2209045575.dir/build
make[1]: Entering directory `/home/osboxes/catkin_ws/build/CMakeFiles/CMakeTmp'
/usr/bin/cmake -E cmake_progress_report /home/osboxes/catkin_ws/build/CMakeFiles/CMakeTmp/CMakeFiles 1
Building C object CMakeFiles/cmTryCompileExec2209045575.dir/CheckSymbolExists.c.o
/usr/bin/cc    -o CMakeFiles/cmTryCompileExec2209045575.dir/CheckSymbolExists.c.o   -c /home/osboxes/catkin_ws/build/CMakeFiles/CMakeTmp/CheckSymbolExists.c
Linking C executable cmTryCompileExec2209045575
/usr/bin/cmake -E cmake_link_script CMakeFiles/cmTryCompileExec2209045575.dir/link.txt --verbose=1
/usr/bin/cc       CMakeFiles/cmTryCompileExec2209045575.dir/CheckSymbolExists.c.o  -o cmTryCompileExec2209045575 -rdynamic 
CMakeFiles/cmTryCompileExec2209045575.dir/CheckSymbolExists.c.o: In function `main':
CheckSymbolExists.c:(.text+0x16): undefined reference to `pthread_create'
collect2: error: ld returned 1 exit status
make[1]: Leaving directory `/home/osboxes/catkin_ws/build/CMakeFiles/CMakeTmp'
make[1]: *** [cmTryCompileExec2209045575] Error 1
make: *** [cmTryCompileExec2209045575/fast] Error 2

File /home/osboxes/catkin_ws/build/CMakeFiles/CMakeTmp/CheckSymbolExists.c:
/* */
#include <pthread.h>

int main(int argc, char** argv)
{
  (void)argv;
#ifndef pthread_create
  return ((int*)(&pthread_create))[argc];
#else
  (void)argc;
  return 0;
#endif
}

Determining if the function pthread_create exists in the pthreads failed with the following output:
Change Dir: /home/osboxes/catkin_ws/build/CMakeFiles/CMakeTmp

Run Build Command:/usr/bin/make "cmTryCompileExec2696220882/fast"
/usr/bin/make -f CMakeFiles/cmTryCompileExec2696220882.dir/build.make CMakeFiles/cmTryCompileExec2696220882.dir/build
make[1]: Entering directory `/home/osboxes/catkin_ws/build/CMakeFiles/CMakeTmp'
/usr/bin/cmake -E cmake_progress_report /home/osboxes/catkin_ws/build/CMakeFiles/CMakeTmp/CMakeFiles 1
Building C object CMakeFiles/cmTryCompileExec2696220882.dir/CheckFunctionExists.c.o
/usr/bin/cc   -DCHECK_FUNCTION_EXISTS=pthread_create   -o CMakeFiles/cmTryCompileExec2696220882.dir/CheckFunctionExists.c.o   -c /usr/share/cmake-2.8/Modules/CheckFunctionExists.c
Linking C executable cmTryCompileExec2696220882
/usr/bin/cmake -E cmake_link_script CMakeFiles/cmTryCompileExec2696220882.dir/link.txt --verbose=1
/usr/bin/cc   -DCHECK_FUNCTION_EXISTS=pthread_create    CMakeFiles/cmTryCompileExec2696220882.dir/CheckFunctionExists.c.o  -o cmTryCompileExec2696220882 -rdynamic -lpthreads 
/usr/bin/ld: cannot find -lpthreads
collect2: error: ld returned 1 exit status
make[1]: Leaving directory `/home/osboxes/catkin_ws/build/CMakeFiles/CMakeTmp'
make[1]: *** [cmTryCompileExec2696220882] Error 1
make: *** [cmTryCompileExec2696220882/fast] Error 2


